[26-Apr-2018 14:51:34 UTC] PHP Parse error:  syntax error, unexpected 'endwhile' (T_ENDWHILE) in /home/ubuntu/workspace/startbootstrap-sb-admin-gh-pages/test.php on line 160
[26-Apr-2018 14:51:38 UTC] PHP Parse error:  syntax error, unexpected 'endwhile' (T_ENDWHILE) in /home/ubuntu/workspace/startbootstrap-sb-admin-gh-pages/test.php on line 160
[26-Apr-2018 14:51:40 UTC] PHP Parse error:  syntax error, unexpected 'endwhile' (T_ENDWHILE) in /home/ubuntu/workspace/startbootstrap-sb-admin-gh-pages/test.php on line 160
[26-Apr-2018 14:51:41 UTC] PHP Parse error:  syntax error, unexpected 'endwhile' (T_ENDWHILE) in /home/ubuntu/workspace/startbootstrap-sb-admin-gh-pages/test.php on line 160
[26-Apr-2018 14:53:14 UTC] PHP Parse error:  syntax error, unexpected 'endwhile' (T_ENDWHILE) in /home/ubuntu/workspace/startbootstrap-sb-admin-gh-pages/test.php on line 160
[03-May-2018 02:53:02 UTC] PHP Warning:  mysqli_fetch_assoc() expects parameter 1 to be mysqli_result, boolean given in /home/ubuntu/workspace/startbootstrap-sb-admin-gh-pages/tablesGroup.php on line 149
[03-May-2018 02:53:02 UTC] PHP Stack trace:
[03-May-2018 02:53:02 UTC] PHP   1. {main}() /home/ubuntu/workspace/startbootstrap-sb-admin-gh-pages/tablesGroup.php:0
[03-May-2018 02:53:02 UTC] PHP   2. mysqli_fetch_assoc() /home/ubuntu/workspace/startbootstrap-sb-admin-gh-pages/tablesGroup.php:149
[03-May-2018 02:53:39 UTC] PHP Warning:  mysqli_fetch_assoc() expects parameter 1 to be mysqli_result, boolean given in /home/ubuntu/workspace/startbootstrap-sb-admin-gh-pages/tablesGroup.php on line 149
[03-May-2018 02:53:39 UTC] PHP Stack trace:
[03-May-2018 02:53:39 UTC] PHP   1. {main}() /home/ubuntu/workspace/startbootstrap-sb-admin-gh-pages/tablesGroup.php:0
[03-May-2018 02:53:39 UTC] PHP   2. mysqli_fetch_assoc() /home/ubuntu/workspace/startbootstrap-sb-admin-gh-pages/tablesGroup.php:149
[03-May-2018 02:54:30 UTC] PHP Warning:  mysqli_fetch_assoc() expects parameter 1 to be mysqli_result, boolean given in /home/ubuntu/workspace/startbootstrap-sb-admin-gh-pages/tablesGroup.php on line 149
[03-May-2018 02:54:30 UTC] PHP Stack trace:
[03-May-2018 02:54:30 UTC] PHP   1. {main}() /home/ubuntu/workspace/startbootstrap-sb-admin-gh-pages/tablesGroup.php:0
[03-May-2018 02:54:30 UTC] PHP   2. mysqli_fetch_assoc() /home/ubuntu/workspace/startbootstrap-sb-admin-gh-pages/tablesGroup.php:149
[03-May-2018 15:04:48 UTC] PHP Warning:  mysqli::query(): Empty query in /home/ubuntu/workspace/startbootstrap-sb-admin-gh-pages/registrartest.php on line 16
[03-May-2018 15:04:49 UTC] PHP Stack trace:
[03-May-2018 15:04:49 UTC] PHP   1. {main}() /home/ubuntu/workspace/startbootstrap-sb-admin-gh-pages/registrartest.php:0
[03-May-2018 15:04:49 UTC] PHP   2. mysqli->query() /home/ubuntu/workspace/startbootstrap-sb-admin-gh-pages/registrartest.php:16
[10-May-2018 14:40:55 UTC] PHP Parse error:  syntax error, unexpected '}' in /home/ubuntu/workspace/startbootstrap-sb-admin-gh-pages/registerArticulo.php on line 34
[10-May-2018 14:41:22 UTC] PHP Parse error:  syntax error, unexpected '}' in /home/ubuntu/workspace/startbootstrap-sb-admin-gh-pages/registerArticulo.php on line 31
[10-May-2018 15:03:30 UTC] PHP Warning:  mysql_fetch_assoc() expects parameter 1 to be resource, string given in /home/ubuntu/workspace/startbootstrap-sb-admin-gh-pages/registerArticulo.php on line 16
[10-May-2018 15:03:30 UTC] PHP Stack trace:
[10-May-2018 15:03:30 UTC] PHP   1. {main}() /home/ubuntu/workspace/startbootstrap-sb-admin-gh-pages/registerArticulo.php:0
[10-May-2018 15:03:30 UTC] PHP   2. mysql_fetch_assoc() /home/ubuntu/workspace/startbootstrap-sb-admin-gh-pages/registerArticulo.php:16
[10-May-2018 15:05:16 UTC] PHP Warning:  mysql_fetch_assoc() expects parameter 1 to be resource, string given in /home/ubuntu/workspace/startbootstrap-sb-admin-gh-pages/registerArticulo.php on line 16
[10-May-2018 15:05:16 UTC] PHP Stack trace:
[10-May-2018 15:05:16 UTC] PHP   1. {main}() /home/ubuntu/workspace/startbootstrap-sb-admin-gh-pages/registerArticulo.php:0
[10-May-2018 15:05:16 UTC] PHP   2. mysql_fetch_assoc() /home/ubuntu/workspace/startbootstrap-sb-admin-gh-pages/registerArticulo.php:16
[10-May-2018 15:06:39 UTC] PHP Warning:  mysql_fetch_assoc() expects parameter 1 to be resource, string given in /home/ubuntu/workspace/startbootstrap-sb-admin-gh-pages/registerArticulo.php on line 16
[10-May-2018 15:06:39 UTC] PHP Stack trace:
[10-May-2018 15:06:39 UTC] PHP   1. {main}() /home/ubuntu/workspace/startbootstrap-sb-admin-gh-pages/registerArticulo.php:0
[10-May-2018 15:06:39 UTC] PHP   2. mysql_fetch_assoc() /home/ubuntu/workspace/startbootstrap-sb-admin-gh-pages/registerArticulo.php:16
[10-May-2018 15:06:40 UTC] PHP Warning:  mysql_fetch_assoc() expects parameter 1 to be resource, string given in /home/ubuntu/workspace/startbootstrap-sb-admin-gh-pages/registerArticulo.php on line 16
[10-May-2018 15:06:40 UTC] PHP Stack trace:
[10-May-2018 15:06:40 UTC] PHP   1. {main}() /home/ubuntu/workspace/startbootstrap-sb-admin-gh-pages/registerArticulo.php:0
[10-May-2018 15:06:40 UTC] PHP   2. mysql_fetch_assoc() /home/ubuntu/workspace/startbootstrap-sb-admin-gh-pages/registerArticulo.php:16
[10-May-2018 15:06:40 UTC] PHP Warning:  mysql_fetch_assoc() expects parameter 1 to be resource, string given in /home/ubuntu/workspace/startbootstrap-sb-admin-gh-pages/registerArticulo.php on line 16
[10-May-2018 15:06:40 UTC] PHP Stack trace:
[10-May-2018 15:06:40 UTC] PHP   1. {main}() /home/ubuntu/workspace/startbootstrap-sb-admin-gh-pages/registerArticulo.php:0
[10-May-2018 15:06:40 UTC] PHP   2. mysql_fetch_assoc() /home/ubuntu/workspace/startbootstrap-sb-admin-gh-pages/registerArticulo.php:16
[10-May-2018 15:09:13 UTC] PHP Warning:  mysql_fetch_assoc() expects parameter 1 to be resource, string given in /home/ubuntu/workspace/startbootstrap-sb-admin-gh-pages/registerArticulo.php on line 11
[10-May-2018 15:09:13 UTC] PHP Stack trace:
[10-May-2018 15:09:13 UTC] PHP   1. {main}() /home/ubuntu/workspace/startbootstrap-sb-admin-gh-pages/registerArticulo.php:0
[10-May-2018 15:09:13 UTC] PHP   2. mysql_fetch_assoc() /home/ubuntu/workspace/startbootstrap-sb-admin-gh-pages/registerArticulo.php:11
[10-May-2018 15:11:41 UTC] PHP Warning:  mysql_fetch_assoc() expects parameter 1 to be resource, string given in /home/ubuntu/workspace/startbootstrap-sb-admin-gh-pages/test.php on line 15
[10-May-2018 15:11:41 UTC] PHP Stack trace:
[10-May-2018 15:11:41 UTC] PHP   1. {main}() /home/ubuntu/workspace/startbootstrap-sb-admin-gh-pages/test.php:0
[10-May-2018 15:11:41 UTC] PHP   2. mysql_fetch_assoc() /home/ubuntu/workspace/startbootstrap-sb-admin-gh-pages/test.php:15
[10-May-2018 15:17:45 UTC] PHP Warning:  mysql_fetch_assoc() expects parameter 1 to be resource, object given in /home/ubuntu/workspace/startbootstrap-sb-admin-gh-pages/test.php on line 13
[10-May-2018 15:17:45 UTC] PHP Stack trace:
[10-May-2018 15:17:45 UTC] PHP   1. {main}() /home/ubuntu/workspace/startbootstrap-sb-admin-gh-pages/test.php:0
[10-May-2018 15:17:45 UTC] PHP   2. mysql_fetch_assoc() /home/ubuntu/workspace/startbootstrap-sb-admin-gh-pages/test.php:13
[10-May-2018 15:18:56 UTC] PHP Warning:  mysql_query() expects parameter 1 to be string, object given in /home/ubuntu/workspace/startbootstrap-sb-admin-gh-pages/test.php on line 12
[10-May-2018 15:18:56 UTC] PHP Stack trace:
[10-May-2018 15:18:56 UTC] PHP   1. {main}() /home/ubuntu/workspace/startbootstrap-sb-admin-gh-pages/test.php:0
[10-May-2018 15:18:56 UTC] PHP   2. mysql_query() /home/ubuntu/workspace/startbootstrap-sb-admin-gh-pages/test.php:12
[10-May-2018 15:18:56 UTC] PHP Warning:  mysql_fetch_assoc() expects parameter 1 to be resource, null given in /home/ubuntu/workspace/startbootstrap-sb-admin-gh-pages/test.php on line 13
[10-May-2018 15:18:56 UTC] PHP Stack trace:
[10-May-2018 15:18:56 UTC] PHP   1. {main}() /home/ubuntu/workspace/startbootstrap-sb-admin-gh-pages/test.php:0
[10-May-2018 15:18:56 UTC] PHP   2. mysql_fetch_assoc() /home/ubuntu/workspace/startbootstrap-sb-admin-gh-pages/test.php:13
[10-May-2018 15:18:58 UTC] PHP Warning:  mysql_query() expects parameter 1 to be string, object given in /home/ubuntu/workspace/startbootstrap-sb-admin-gh-pages/test.php on line 12
[10-May-2018 15:18:58 UTC] PHP Stack trace:
[10-May-2018 15:18:58 UTC] PHP   1. {main}() /home/ubuntu/workspace/startbootstrap-sb-admin-gh-pages/test.php:0
[10-May-2018 15:18:58 UTC] PHP   2. mysql_query() /home/ubuntu/workspace/startbootstrap-sb-admin-gh-pages/test.php:12
[10-May-2018 15:18:58 UTC] PHP Warning:  mysql_fetch_assoc() expects parameter 1 to be resource, null given in /home/ubuntu/workspace/startbootstrap-sb-admin-gh-pages/test.php on line 13
[10-May-2018 15:18:58 UTC] PHP Stack trace:
[10-May-2018 15:18:58 UTC] PHP   1. {main}() /home/ubuntu/workspace/startbootstrap-sb-admin-gh-pages/test.php:0
[10-May-2018 15:18:58 UTC] PHP   2. mysql_fetch_assoc() /home/ubuntu/workspace/startbootstrap-sb-admin-gh-pages/test.php:13
[17-May-2018 16:27:42 UTC] PHP Warning:  mysqli_fetch_assoc() expects parameter 1 to be mysqli_result, boolean given in /home/ubuntu/workspace/startbootstrap-sb-admin-gh-pages/test.php on line 13
[17-May-2018 16:27:42 UTC] PHP Stack trace:
[17-May-2018 16:27:42 UTC] PHP   1. {main}() /home/ubuntu/workspace/startbootstrap-sb-admin-gh-pages/test.php:0
[17-May-2018 16:27:42 UTC] PHP   2. mysqli_fetch_assoc() /home/ubuntu/workspace/startbootstrap-sb-admin-gh-pages/test.php:13
[25-May-2018 18:26:33 UTC] PHP Warning:  mysqli_fetch_assoc() expects parameter 1 to be mysqli_result, boolean given in /home/ubuntu/workspace/startbootstrap-sb-admin-gh-pages/BusquedaArt.php on line 139
[25-May-2018 18:26:33 UTC] PHP Stack trace:
[25-May-2018 18:26:33 UTC] PHP   1. {main}() /home/ubuntu/workspace/startbootstrap-sb-admin-gh-pages/BusquedaArt.php:0
[25-May-2018 18:26:33 UTC] PHP   2. mysqli_fetch_assoc() /home/ubuntu/workspace/startbootstrap-sb-admin-gh-pages/BusquedaArt.php:139
[25-May-2018 18:29:03 UTC] PHP Warning:  mysqli_fetch_assoc() expects parameter 1 to be mysqli_result, boolean given in /home/ubuntu/workspace/startbootstrap-sb-admin-gh-pages/BusquedaArt.php on line 139
[25-May-2018 18:29:03 UTC] PHP Stack trace:
[25-May-2018 18:29:03 UTC] PHP   1. {main}() /home/ubuntu/workspace/startbootstrap-sb-admin-gh-pages/BusquedaArt.php:0
[25-May-2018 18:29:03 UTC] PHP   2. mysqli_fetch_assoc() /home/ubuntu/workspace/startbootstrap-sb-admin-gh-pages/BusquedaArt.php:139
[25-May-2018 18:29:06 UTC] PHP Warning:  mysqli_fetch_assoc() expects parameter 1 to be mysqli_result, boolean given in /home/ubuntu/workspace/startbootstrap-sb-admin-gh-pages/BusquedaArt.php on line 139
[25-May-2018 18:29:06 UTC] PHP Stack trace:
[25-May-2018 18:29:06 UTC] PHP   1. {main}() /home/ubuntu/workspace/startbootstrap-sb-admin-gh-pages/BusquedaArt.php:0
[25-May-2018 18:29:06 UTC] PHP   2. mysqli_fetch_assoc() /home/ubuntu/workspace/startbootstrap-sb-admin-gh-pages/BusquedaArt.php:139
[25-May-2018 23:41:03 UTC] PHP Warning:  mysqli_fetch_assoc() expects parameter 1 to be mysqli_result, boolean given in /home/ubuntu/workspace/startbootstrap-sb-admin-gh-pages/registerArticulo.php on line 13
[25-May-2018 23:41:03 UTC] PHP Stack trace:
[25-May-2018 23:41:03 UTC] PHP   1. {main}() /home/ubuntu/workspace/startbootstrap-sb-admin-gh-pages/registerArticulo.php:0
[25-May-2018 23:41:03 UTC] PHP   2. mysqli_fetch_assoc() /home/ubuntu/workspace/startbootstrap-sb-admin-gh-pages/registerArticulo.php:13
[25-May-2018 23:42:40 UTC] PHP Warning:  mysqli_fetch_assoc() expects parameter 1 to be mysqli_result, boolean given in /home/ubuntu/workspace/startbootstrap-sb-admin-gh-pages/registerArticulo.php on line 13
[25-May-2018 23:42:40 UTC] PHP Stack trace:
[25-May-2018 23:42:40 UTC] PHP   1. {main}() /home/ubuntu/workspace/startbootstrap-sb-admin-gh-pages/registerArticulo.php:0
[25-May-2018 23:42:40 UTC] PHP   2. mysqli_fetch_assoc() /home/ubuntu/workspace/startbootstrap-sb-admin-gh-pages/registerArticulo.php:13
[26-May-2018 19:56:27 UTC] PHP Warning:  mysqli_query() expects parameter 1 to be mysqli, null given in /home/ubuntu/workspace/startbootstrap-sb-admin-gh-pages/Revistas.php on line 127
[26-May-2018 19:56:27 UTC] PHP Stack trace:
[26-May-2018 19:56:27 UTC] PHP   1. {main}() /home/ubuntu/workspace/startbootstrap-sb-admin-gh-pages/Revistas.php:0
[26-May-2018 19:56:27 UTC] PHP   2. mysqli_query() /home/ubuntu/workspace/startbootstrap-sb-admin-gh-pages/Revistas.php:127
[26-May-2018 19:56:27 UTC] PHP Warning:  mysqli_fetch_assoc() expects parameter 1 to be mysqli_result, null given in /home/ubuntu/workspace/startbootstrap-sb-admin-gh-pages/Revistas.php on line 128
[26-May-2018 19:56:27 UTC] PHP Stack trace:
[26-May-2018 19:56:27 UTC] PHP   1. {main}() /home/ubuntu/workspace/startbootstrap-sb-admin-gh-pages/Revistas.php:0
[26-May-2018 19:56:27 UTC] PHP   2. mysqli_fetch_assoc() /home/ubuntu/workspace/startbootstrap-sb-admin-gh-pages/Revistas.php:128
[26-May-2018 19:56:27 UTC] PHP Fatal error:  Call to a member function close() on a non-object in /home/ubuntu/workspace/startbootstrap-sb-admin-gh-pages/Revistas.php on line 133
[26-May-2018 19:56:27 UTC] PHP Stack trace:
[26-May-2018 19:56:27 UTC] PHP   1. {main}() /home/ubuntu/workspace/startbootstrap-sb-admin-gh-pages/Revistas.php:0
[26-May-2018 21:25:32 UTC] PHP Warning:  require(connect.php): failed to open stream: No such file or directory in /home/ubuntu/workspace/startbootstrap-sb-admin-gh-pages/LeerExcel.php on line 3
[26-May-2018 21:25:32 UTC] PHP Stack trace:
[26-May-2018 21:25:32 UTC] PHP   1. {main}() /home/ubuntu/workspace/startbootstrap-sb-admin-gh-pages/LeerExcel.php:0
[26-May-2018 21:25:32 UTC] PHP Fatal error:  require(): Failed opening required 'connect.php' (include_path='.:/usr/share/php:/usr/share/pear') in /home/ubuntu/workspace/startbootstrap-sb-admin-gh-pages/LeerExcel.php on line 3
[26-May-2018 21:25:32 UTC] PHP Stack trace:
[26-May-2018 21:25:32 UTC] PHP   1. {main}() /home/ubuntu/workspace/startbootstrap-sb-admin-gh-pages/LeerExcel.php:0
[26-May-2018 21:29:03 UTC] PHP Fatal error:  Uncaught exception 'PHPExcel_Reader_Exception' with message 'Could not open scimagojr 2016.xlsx for reading! File does not exist.' in /home/ubuntu/workspace/startbootstrap-sb-admin-gh-pages/PHPExcel-1.8/Classes/PHPExcel/Reader/Excel2007.php:73
Stack trace:
#0 /home/ubuntu/workspace/startbootstrap-sb-admin-gh-pages/PHPExcel-1.8/Classes/PHPExcel/IOFactory.php(269): PHPExcel_Reader_Excel2007->canRead('scimagojr 2016....')
#1 /home/ubuntu/workspace/startbootstrap-sb-admin-gh-pages/PHPExcel-1.8/Classes/PHPExcel/IOFactory.php(191): PHPExcel_IOFactory::createReaderForFile('scimagojr 2016....')
#2 /home/ubuntu/workspace/startbootstrap-sb-admin-gh-pages/LeerExcel.php(16): PHPExcel_IOFactory::load('scimagojr 2016....')
#3 {main}
  thrown in /home/ubuntu/workspace/startbootstrap-sb-admin-gh-pages/PHPExcel-1.8/Classes/PHPExcel/Reader/Excel2007.php on line 73
[26-May-2018 21:33:36 UTC] PHP Fatal error:  Uncaught exception 'PHPExcel_Reader_Exception' with message 'Could not open scimagojr 2016.xlsx for reading! File does not exist.' in /home/ubuntu/workspace/startbootstrap-sb-admin-gh-pages/PHPExcel-1.8/Classes/PHPExcel/Reader/Excel2007.php:73
Stack trace:
#0 /home/ubuntu/workspace/startbootstrap-sb-admin-gh-pages/PHPExcel-1.8/Classes/PHPExcel/IOFactory.php(269): PHPExcel_Reader_Excel2007->canRead('scimagojr 2016....')
#1 /home/ubuntu/workspace/startbootstrap-sb-admin-gh-pages/PHPExcel-1.8/Classes/PHPExcel/IOFactory.php(191): PHPExcel_IOFactory::createReaderForFile('scimagojr 2016....')
#2 /home/ubuntu/workspace/startbootstrap-sb-admin-gh-pages/LeerExcel.php(24): PHPExcel_IOFactory::load('scimagojr 2016....')
#3 {main}
  thrown in /home/ubuntu/workspace/startbootstrap-sb-admin-gh-pages/PHPExcel-1.8/Classes/PHPExcel/Reader/Excel2007.php on line 73
[26-May-2018 21:48:00 UTC] PHP Fatal error:  Uncaught exception 'PHPExcel_Reader_Exception' with message 'Could not open scimagojr 2016.xlsx for reading! File does not exist.' in /home/ubuntu/workspace/startbootstrap-sb-admin-gh-pages/PHPExcel-1.8/Classes/PHPExcel/Reader/Excel2007.php:73
Stack trace:
#0 /home/ubuntu/workspace/startbootstrap-sb-admin-gh-pages/PHPExcel-1.8/Classes/PHPExcel/IOFactory.php(269): PHPExcel_Reader_Excel2007->canRead('scimagojr 2016....')
#1 /home/ubuntu/workspace/startbootstrap-sb-admin-gh-pages/PHPExcel-1.8/Classes/PHPExcel/IOFactory.php(191): PHPExcel_IOFactory::createReaderForFile('scimagojr 2016....')
#2 /home/ubuntu/workspace/startbootstrap-sb-admin-gh-pages/LeerExcel.php(38): PHPExcel_IOFactory::load('scimagojr 2016....')
#3 {main}
  thrown in /home/ubuntu/workspace/startbootstrap-sb-admin-gh-pages/PHPExcel-1.8/Classes/PHPExcel/Reader/Excel2007.php on line 73
[26-May-2018 21:50:04 UTC] PHP Fatal error:  Uncaught exception 'PHPExcel_Reader_Exception' with message 'Could not open  for reading! File does not exist.' in /home/ubuntu/workspace/startbootstrap-sb-admin-gh-pages/PHPExcel-1.8/Classes/PHPExcel/Reader/Excel2007.php:73
Stack trace:
#0 /home/ubuntu/workspace/startbootstrap-sb-admin-gh-pages/PHPExcel-1.8/Classes/PHPExcel/IOFactory.php(281): PHPExcel_Reader_Excel2007->canRead(NULL)
#1 /home/ubuntu/workspace/startbootstrap-sb-admin-gh-pages/PHPExcel-1.8/Classes/PHPExcel/IOFactory.php(191): PHPExcel_IOFactory::createReaderForFile(NULL)
#2 /home/ubuntu/workspace/startbootstrap-sb-admin-gh-pages/LeerExcel.php(38): PHPExcel_IOFactory::load(NULL)
#3 {main}
  thrown in /home/ubuntu/workspace/startbootstrap-sb-admin-gh-pages/PHPExcel-1.8/Classes/PHPExcel/Reader/Excel2007.php on line 73
[26-May-2018 21:52:03 UTC] PHP Fatal error:  Uncaught exception 'PHPExcel_Reader_Exception' with message 'Could not open  for reading! File does not exist.' in /home/ubuntu/workspace/startbootstrap-sb-admin-gh-pages/PHPExcel-1.8/Classes/PHPExcel/Reader/Excel2007.php:73
Stack trace:
#0 /home/ubuntu/workspace/startbootstrap-sb-admin-gh-pages/PHPExcel-1.8/Classes/PHPExcel/IOFactory.php(281): PHPExcel_Reader_Excel2007->canRead(NULL)
#1 /home/ubuntu/workspace/startbootstrap-sb-admin-gh-pages/PHPExcel-1.8/Classes/PHPExcel/IOFactory.php(191): PHPExcel_IOFactory::createReaderForFile(NULL)
#2 /home/ubuntu/workspace/startbootstrap-sb-admin-gh-pages/LeerExcel.php(40): PHPExcel_IOFactory::load(NULL)
#3 {main}
  thrown in /home/ubuntu/workspace/startbootstrap-sb-admin-gh-pages/PHPExcel-1.8/Classes/PHPExcel/Reader/Excel2007.php on line 73
[26-May-2018 22:35:55 UTC] PHP Warning:  mysqli_fetch_assoc() expects parameter 1 to be mysqli_result, boolean given in /home/ubuntu/workspace/startbootstrap-sb-admin-gh-pages/Articulo.php on line 120
[26-May-2018 22:35:55 UTC] PHP Stack trace:
[26-May-2018 22:35:55 UTC] PHP   1. {main}() /home/ubuntu/workspace/startbootstrap-sb-admin-gh-pages/Articulo.php:0
[26-May-2018 22:35:55 UTC] PHP   2. mysqli_fetch_assoc() /home/ubuntu/workspace/startbootstrap-sb-admin-gh-pages/Articulo.php:120
[26-May-2018 23:40:39 UTC] PHP Warning:  mysqli_query(): Couldn't fetch mysqli in /home/ubuntu/workspace/startbootstrap-sb-admin-gh-pages/Articulo.php on line 181
[26-May-2018 23:40:39 UTC] PHP Stack trace:
[26-May-2018 23:40:39 UTC] PHP   1. {main}() /home/ubuntu/workspace/startbootstrap-sb-admin-gh-pages/Articulo.php:0
[26-May-2018 23:40:39 UTC] PHP   2. mysqli_query() /home/ubuntu/workspace/startbootstrap-sb-admin-gh-pages/Articulo.php:181
[26-May-2018 23:40:39 UTC] PHP Warning:  mysqli_fetch_assoc() expects parameter 1 to be mysqli_result, null given in /home/ubuntu/workspace/startbootstrap-sb-admin-gh-pages/Articulo.php on line 182
[26-May-2018 23:40:39 UTC] PHP Stack trace:
[26-May-2018 23:40:39 UTC] PHP   1. {main}() /home/ubuntu/workspace/startbootstrap-sb-admin-gh-pages/Articulo.php:0
[26-May-2018 23:40:39 UTC] PHP   2. mysqli_fetch_assoc() /home/ubuntu/workspace/startbootstrap-sb-admin-gh-pages/Articulo.php:182
[26-May-2018 23:40:39 UTC] PHP Warning:  mysqli::close(): Couldn't fetch mysqli in /home/ubuntu/workspace/startbootstrap-sb-admin-gh-pages/Articulo.php on line 186
[26-May-2018 23:40:39 UTC] PHP Stack trace:
[26-May-2018 23:40:39 UTC] PHP   1. {main}() /home/ubuntu/workspace/startbootstrap-sb-admin-gh-pages/Articulo.php:0
[26-May-2018 23:40:39 UTC] PHP   2. mysqli->close() /home/ubuntu/workspace/startbootstrap-sb-admin-gh-pages/Articulo.php:186
[27-May-2018 00:10:01 UTC] PHP Fatal error:  Uncaught exception 'PHPExcel_Reader_Exception' with message 'Could not open  for reading! File does not exist.' in /home/ubuntu/workspace/startbootstrap-sb-admin-gh-pages/PHPExcel-1.8/Classes/PHPExcel/Reader/Excel2007.php:73
Stack trace:
#0 /home/ubuntu/workspace/startbootstrap-sb-admin-gh-pages/PHPExcel-1.8/Classes/PHPExcel/IOFactory.php(281): PHPExcel_Reader_Excel2007->canRead(NULL)
#1 /home/ubuntu/workspace/startbootstrap-sb-admin-gh-pages/PHPExcel-1.8/Classes/PHPExcel/IOFactory.php(191): PHPExcel_IOFactory::createReaderForFile(NULL)
#2 /home/ubuntu/workspace/startbootstrap-sb-admin-gh-pages/LeerExcel.php(40): PHPExcel_IOFactory::load(NULL)
#3 {main}
  thrown in /home/ubuntu/workspace/startbootstrap-sb-admin-gh-pages/PHPExcel-1.8/Classes/PHPExcel/Reader/Excel2007.php on line 73
[27-May-2018 00:13:00 UTC] PHP Fatal error:  Uncaught exception 'PHPExcel_Reader_Exception' with message 'Could not open  for reading! File does not exist.' in /home/ubuntu/workspace/startbootstrap-sb-admin-gh-pages/PHPExcel-1.8/Classes/PHPExcel/Reader/Excel2007.php:73
Stack trace:
#0 /home/ubuntu/workspace/startbootstrap-sb-admin-gh-pages/PHPExcel-1.8/Classes/PHPExcel/IOFactory.php(281): PHPExcel_Reader_Excel2007->canRead(NULL)
#1 /home/ubuntu/workspace/startbootstrap-sb-admin-gh-pages/PHPExcel-1.8/Classes/PHPExcel/IOFactory.php(191): PHPExcel_IOFactory::createReaderForFile(NULL)
#2 /home/ubuntu/workspace/startbootstrap-sb-admin-gh-pages/LeerExcel.php(40): PHPExcel_IOFactory::load(NULL)
#3 {main}
  thrown in /home/ubuntu/workspace/startbootstrap-sb-admin-gh-pages/PHPExcel-1.8/Classes/PHPExcel/Reader/Excel2007.php on line 73
[27-May-2018 02:01:13 UTC] PHP Fatal error:  Cannot redeclare class PHPExcel_IOFactory in /home/ubuntu/workspace/startbootstrap-sb-admin-gh-pages/PHPExcel-1.8/Classes/PHPExcel/IOFactory.php on line 37
[27-May-2018 02:01:13 UTC] PHP Stack trace:
[27-May-2018 02:01:13 UTC] PHP   1. {main}() /home/ubuntu/workspace/startbootstrap-sb-admin-gh-pages/LeerExcel.php:0
[27-May-2018 02:02:01 UTC] PHP Fatal error:  Uncaught exception 'PHPExcel_Reader_Exception' with message 'Could not open  for reading! File does not exist.' in /home/ubuntu/workspace/startbootstrap-sb-admin-gh-pages/PHPExcel-1.8/Classes/PHPExcel/Reader/Excel2007.php:73
Stack trace:
#0 /home/ubuntu/workspace/startbootstrap-sb-admin-gh-pages/PHPExcel-1.8/Classes/PHPExcel/IOFactory.php(281): PHPExcel_Reader_Excel2007->canRead(NULL)
#1 /home/ubuntu/workspace/startbootstrap-sb-admin-gh-pages/PHPExcel-1.8/Classes/PHPExcel/IOFactory.php(191): PHPExcel_IOFactory::createReaderForFile(NULL)
#2 /home/ubuntu/workspace/startbootstrap-sb-admin-gh-pages/LeerExcel.php(17): PHPExcel_IOFactory::load(NULL)
#3 {main}
  thrown in /home/ubuntu/workspace/startbootstrap-sb-admin-gh-pages/PHPExcel-1.8/Classes/PHPExcel/Reader/Excel2007.php on line 73
[27-May-2018 02:03:57 UTC] PHP Fatal error:  Uncaught exception 'PHPExcel_Reader_Exception' with message 'Could not open  for reading! File does not exist.' in /home/ubuntu/workspace/startbootstrap-sb-admin-gh-pages/PHPExcel-1.8/Classes/PHPExcel/Reader/Excel2007.php:73
Stack trace:
#0 /home/ubuntu/workspace/startbootstrap-sb-admin-gh-pages/PHPExcel-1.8/Classes/PHPExcel/IOFactory.php(281): PHPExcel_Reader_Excel2007->canRead('')
#1 /home/ubuntu/workspace/startbootstrap-sb-admin-gh-pages/PHPExcel-1.8/Classes/PHPExcel/IOFactory.php(191): PHPExcel_IOFactory::createReaderForFile('')
#2 /home/ubuntu/workspace/startbootstrap-sb-admin-gh-pages/LeerExcel.php(17): PHPExcel_IOFactory::load('')
#3 {main}
  thrown in /home/ubuntu/workspace/startbootstrap-sb-admin-gh-pages/PHPExcel-1.8/Classes/PHPExcel/Reader/Excel2007.php on line 73
[27-May-2018 02:07:04 UTC] PHP Fatal error:  Uncaught exception 'PHPExcel_Reader_Exception' with message 'Could not open  for reading! File does not exist.' in /home/ubuntu/workspace/startbootstrap-sb-admin-gh-pages/PHPExcel-1.8/Classes/PHPExcel/Reader/Excel2007.php:73
Stack trace:
#0 /home/ubuntu/workspace/startbootstrap-sb-admin-gh-pages/PHPExcel-1.8/Classes/PHPExcel/IOFactory.php(281): PHPExcel_Reader_Excel2007->canRead('')
#1 /home/ubuntu/workspace/startbootstrap-sb-admin-gh-pages/PHPExcel-1.8/Classes/PHPExcel/IOFactory.php(191): PHPExcel_IOFactory::createReaderForFile('')
#2 /home/ubuntu/workspace/startbootstrap-sb-admin-gh-pages/LeerExcel.php(17): PHPExcel_IOFactory::load('')
#3 {main}
  thrown in /home/ubuntu/workspace/startbootstrap-sb-admin-gh-pages/PHPExcel-1.8/Classes/PHPExcel/Reader/Excel2007.php on line 73
[27-May-2018 03:24:18 UTC] PHP Fatal error:  Uncaught exception 'PHPExcel_Reader_Exception' with message 'Could not open  for reading! File does not exist.' in /home/ubuntu/workspace/startbootstrap-sb-admin-gh-pages/PHPExcel-1.8/Classes/PHPExcel/Reader/Excel2007.php:73
Stack trace:
#0 /home/ubuntu/workspace/startbootstrap-sb-admin-gh-pages/PHPExcel-1.8/Classes/PHPExcel/IOFactory.php(281): PHPExcel_Reader_Excel2007->canRead(NULL)
#1 /home/ubuntu/workspace/startbootstrap-sb-admin-gh-pages/PHPExcel-1.8/Classes/PHPExcel/IOFactory.php(191): PHPExcel_IOFactory::createReaderForFile(NULL)
#2 /home/ubuntu/workspace/startbootstrap-sb-admin-gh-pages/LeerExcel.php(24): PHPExcel_IOFactory::load(NULL)
#3 {main}
  thrown in /home/ubuntu/workspace/startbootstrap-sb-admin-gh-pages/PHPExcel-1.8/Classes/PHPExcel/Reader/Excel2007.php on line 73
[27-May-2018 03:34:31 UTC] PHP Fatal error:  Allowed memory size of 134217728 bytes exhausted (tried to allocate 48 bytes) in /home/ubuntu/workspace/startbootstrap-sb-admin-gh-pages/PHPExcel-1.8/Classes/PHPExcel/Worksheet.php on line 1213
[27-May-2018 03:34:31 UTC] PHP Stack trace:
[27-May-2018 03:34:31 UTC] PHP   1. {main}() /home/ubuntu/workspace/startbootstrap-sb-admin-gh-pages/LeerExcel.php:0
[27-May-2018 03:34:31 UTC] PHP   2. PHPExcel_IOFactory::load() /home/ubuntu/workspace/startbootstrap-sb-admin-gh-pages/LeerExcel.php:39
[27-May-2018 03:34:31 UTC] PHP   3. PHPExcel_Reader_Excel2007->load() /home/ubuntu/workspace/startbootstrap-sb-admin-gh-pages/PHPExcel-1.8/Classes/PHPExcel/IOFactory.php:192
[27-May-2018 03:34:31 UTC] PHP   4. PHPExcel_Worksheet->getCell() /home/ubuntu/workspace/startbootstrap-sb-admin-gh-pages/PHPExcel-1.8/Classes/PHPExcel/Reader/Excel2007.php:908
[27-May-2018 03:34:31 UTC] PHP   5. PHPExcel_Worksheet->createNewCell() /home/ubuntu/workspace/startbootstrap-sb-admin-gh-pages/PHPExcel-1.8/Classes/PHPExcel/Worksheet.php:1178
[27-May-2018 03:34:34 UTC] PHP Fatal error:  Uncaught exception 'PHPExcel_Reader_Exception' with message 'Could not open  for reading! File does not exist.' in /home/ubuntu/workspace/startbootstrap-sb-admin-gh-pages/PHPExcel-1.8/Classes/PHPExcel/Reader/Excel2007.php:73
Stack trace:
#0 /home/ubuntu/workspace/startbootstrap-sb-admin-gh-pages/PHPExcel-1.8/Classes/PHPExcel/IOFactory.php(281): PHPExcel_Reader_Excel2007->canRead(NULL)
#1 /home/ubuntu/workspace/startbootstrap-sb-admin-gh-pages/PHPExcel-1.8/Classes/PHPExcel/IOFactory.php(191): PHPExcel_IOFactory::createReaderForFile(NULL)
#2 /home/ubuntu/workspace/startbootstrap-sb-admin-gh-pages/LeerExcel.php(40): PHPExcel_IOFactory::load(NULL)
#3 {main}
  thrown in /home/ubuntu/workspace/startbootstrap-sb-admin-gh-pages/PHPExcel-1.8/Classes/PHPExcel/Reader/Excel2007.php on line 73
[27-May-2018 03:43:06 UTC] PHP Fatal error:  Uncaught exception 'PHPExcel_Reader_Exception' with message 'Could not open scimagojr2016xlsx for reading! File does not exist.' in /home/ubuntu/workspace/startbootstrap-sb-admin-gh-pages/PHPExcel-1.8/Classes/PHPExcel/Reader/Excel2007.php:73
Stack trace:
#0 /home/ubuntu/workspace/startbootstrap-sb-admin-gh-pages/PHPExcel-1.8/Classes/PHPExcel/IOFactory.php(281): PHPExcel_Reader_Excel2007->canRead('scimagojr2016xl...')
#1 /home/ubuntu/workspace/startbootstrap-sb-admin-gh-pages/PHPExcel-1.8/Classes/PHPExcel/IOFactory.php(191): PHPExcel_IOFactory::createReaderForFile('scimagojr2016xl...')
#2 /home/ubuntu/workspace/startbootstrap-sb-admin-gh-pages/LeerExcel.php(40): PHPExcel_IOFactory::load('scimagojr2016xl...')
#3 {main}
  thrown in /home/ubuntu/workspace/startbootstrap-sb-admin-gh-pages/PHPExcel-1.8/Classes/PHPExcel/Reader/Excel2007.php on line 73
[27-May-2018 03:44:06 UTC] PHP Fatal error:  Uncaught exception 'PHPExcel_Reader_Exception' with message 'Could not open scimagojr2016xlsx for reading! File does not exist.' in /home/ubuntu/workspace/startbootstrap-sb-admin-gh-pages/PHPExcel-1.8/Classes/PHPExcel/Reader/Excel2007.php:73
Stack trace:
#0 /home/ubuntu/workspace/startbootstrap-sb-admin-gh-pages/PHPExcel-1.8/Classes/PHPExcel/IOFactory.php(281): PHPExcel_Reader_Excel2007->canRead('scimagojr2016xl...')
#1 /home/ubuntu/workspace/startbootstrap-sb-admin-gh-pages/PHPExcel-1.8/Classes/PHPExcel/IOFactory.php(191): PHPExcel_IOFactory::createReaderForFile('scimagojr2016xl...')
#2 /home/ubuntu/workspace/startbootstrap-sb-admin-gh-pages/LeerExcel.php(40): PHPExcel_IOFactory::load('scimagojr2016xl...')
#3 {main}
  thrown in /home/ubuntu/workspace/startbootstrap-sb-admin-gh-pages/PHPExcel-1.8/Classes/PHPExcel/Reader/Excel2007.php on line 73
[27-May-2018 14:55:02 UTC] PHP Warning:  mysqli_query(): Couldn't fetch mysqli in /home/ubuntu/workspace/startbootstrap-sb-admin-gh-pages/RelGrupo.php on line 139
[27-May-2018 14:55:02 UTC] PHP Stack trace:
[27-May-2018 14:55:02 UTC] PHP   1. {main}() /home/ubuntu/workspace/startbootstrap-sb-admin-gh-pages/RelGrupo.php:0
[27-May-2018 14:55:02 UTC] PHP   2. mysqli_query() /home/ubuntu/workspace/startbootstrap-sb-admin-gh-pages/RelGrupo.php:139
[27-May-2018 14:55:02 UTC] PHP Warning:  mysqli_fetch_assoc() expects parameter 1 to be mysqli_result, null given in /home/ubuntu/workspace/startbootstrap-sb-admin-gh-pages/RelGrupo.php on line 140
[27-May-2018 14:55:02 UTC] PHP Stack trace:
[27-May-2018 14:55:02 UTC] PHP   1. {main}() /home/ubuntu/workspace/startbootstrap-sb-admin-gh-pages/RelGrupo.php:0
[27-May-2018 14:55:02 UTC] PHP   2. mysqli_fetch_assoc() /home/ubuntu/workspace/startbootstrap-sb-admin-gh-pages/RelGrupo.php:140
[27-May-2018 15:00:28 UTC] PHP Warning:  mysqli_fetch_assoc() expects parameter 1 to be mysqli_result, boolean given in /home/ubuntu/workspace/startbootstrap-sb-admin-gh-pages/RelGrupo.php on line 160
[27-May-2018 15:00:28 UTC] PHP Stack trace:
[27-May-2018 15:00:28 UTC] PHP   1. {main}() /home/ubuntu/workspace/startbootstrap-sb-admin-gh-pages/RelGrupo.php:0
[27-May-2018 15:00:28 UTC] PHP   2. mysqli_fetch_assoc() /home/ubuntu/workspace/startbootstrap-sb-admin-gh-pages/RelGrupo.php:160
[27-May-2018 15:57:10 UTC] PHP Warning:  mysqli_fetch_assoc() expects parameter 1 to be mysqli_result, boolean given in /home/ubuntu/workspace/startbootstrap-sb-admin-gh-pages/test.php on line 14
[27-May-2018 15:57:10 UTC] PHP Stack trace:
[27-May-2018 15:57:10 UTC] PHP   1. {main}() /home/ubuntu/workspace/startbootstrap-sb-admin-gh-pages/test.php:0
[27-May-2018 15:57:10 UTC] PHP   2. mysqli_fetch_assoc() /home/ubuntu/workspace/startbootstrap-sb-admin-gh-pages/test.php:14
[27-May-2018 15:57:10 UTC] PHP Warning:  mysqli_fetch_assoc() expects parameter 1 to be mysqli_result, boolean given in /home/ubuntu/workspace/startbootstrap-sb-admin-gh-pages/test.php on line 158
[27-May-2018 15:57:10 UTC] PHP Stack trace:
[27-May-2018 15:57:10 UTC] PHP   1. {main}() /home/ubuntu/workspace/startbootstrap-sb-admin-gh-pages/test.php:0
[27-May-2018 15:57:10 UTC] PHP   2. mysqli_fetch_assoc() /home/ubuntu/workspace/startbootstrap-sb-admin-gh-pages/test.php:158
[27-May-2018 21:57:56 UTC] PHP Warning:  mysqli_fetch_assoc() expects parameter 1 to be mysqli_result, boolean given in /home/ubuntu/workspace/startbootstrap-sb-admin-gh-pages/editarArticulo.php on line 91
[27-May-2018 21:57:56 UTC] PHP Stack trace:
[27-May-2018 21:57:56 UTC] PHP   1. {main}() /home/ubuntu/workspace/startbootstrap-sb-admin-gh-pages/editarArticulo.php:0
[27-May-2018 21:57:56 UTC] PHP   2. mysqli_fetch_assoc() /home/ubuntu/workspace/startbootstrap-sb-admin-gh-pages/editarArticulo.php:91
[27-May-2018 21:58:19 UTC] PHP Warning:  mysqli_fetch_assoc() expects parameter 1 to be mysqli_result, boolean given in /home/ubuntu/workspace/startbootstrap-sb-admin-gh-pages/editarArticulo.php on line 91
[27-May-2018 21:58:19 UTC] PHP Stack trace:
[27-May-2018 21:58:19 UTC] PHP   1. {main}() /home/ubuntu/workspace/startbootstrap-sb-admin-gh-pages/editarArticulo.php:0
[27-May-2018 21:58:19 UTC] PHP   2. mysqli_fetch_assoc() /home/ubuntu/workspace/startbootstrap-sb-admin-gh-pages/editarArticulo.php:91
[27-May-2018 21:58:23 UTC] PHP Warning:  mysqli_fetch_assoc() expects parameter 1 to be mysqli_result, boolean given in /home/ubuntu/workspace/startbootstrap-sb-admin-gh-pages/editarArticulo.php on line 91
[27-May-2018 21:58:23 UTC] PHP Stack trace:
[27-May-2018 21:58:23 UTC] PHP   1. {main}() /home/ubuntu/workspace/startbootstrap-sb-admin-gh-pages/editarArticulo.php:0
[27-May-2018 21:58:23 UTC] PHP   2. mysqli_fetch_assoc() /home/ubuntu/workspace/startbootstrap-sb-admin-gh-pages/editarArticulo.php:91
[28-May-2018 08:14:14 UTC] PHP Warning:  mysqli_fetch_assoc() expects parameter 1 to be mysqli_result, boolean given in /home/ubuntu/workspace/startbootstrap-sb-admin-gh-pages/Home.php on line 157
[28-May-2018 08:14:14 UTC] PHP Stack trace:
[28-May-2018 08:14:14 UTC] PHP   1. {main}() /home/ubuntu/workspace/startbootstrap-sb-admin-gh-pages/Home.php:0
[28-May-2018 08:14:14 UTC] PHP   2. mysqli_fetch_assoc() /home/ubuntu/workspace/startbootstrap-sb-admin-gh-pages/Home.php:157
[28-May-2018 08:16:50 UTC] PHP Catchable fatal error:  Object of class mysqli_result could not be converted to string in /home/ubuntu/workspace/startbootstrap-sb-admin-gh-pages/Home.php on line 158
[28-May-2018 08:16:50 UTC] PHP Stack trace:
[28-May-2018 08:16:50 UTC] PHP   1. {main}() /home/ubuntu/workspace/startbootstrap-sb-admin-gh-pages/Home.php:0
[28-May-2018 08:19:49 UTC] PHP Warning:  mysql_fetch_array() expects parameter 1 to be resource, object given in /home/ubuntu/workspace/startbootstrap-sb-admin-gh-pages/Home.php on line 157
[28-May-2018 08:19:49 UTC] PHP Stack trace:
[28-May-2018 08:19:49 UTC] PHP   1. {main}() /home/ubuntu/workspace/startbootstrap-sb-admin-gh-pages/Home.php:0
[28-May-2018 08:19:49 UTC] PHP   2. mysql_fetch_array() /home/ubuntu/workspace/startbootstrap-sb-admin-gh-pages/Home.php:157
[28-May-2018 08:43:34 UTC] PHP Warning:  mysqli_query(): Couldn't fetch mysqli in /home/ubuntu/workspace/startbootstrap-sb-admin-gh-pages/Home.php on line 186
[28-May-2018 08:43:34 UTC] PHP Stack trace:
[28-May-2018 08:43:34 UTC] PHP   1. {main}() /home/ubuntu/workspace/startbootstrap-sb-admin-gh-pages/Home.php:0
[28-May-2018 08:43:34 UTC] PHP   2. mysqli_query() /home/ubuntu/workspace/startbootstrap-sb-admin-gh-pages/Home.php:186
[28-May-2018 08:43:34 UTC] PHP Warning:  mysqli::close(): Couldn't fetch mysqli in /home/ubuntu/workspace/startbootstrap-sb-admin-gh-pages/Home.php on line 189
[28-May-2018 08:43:34 UTC] PHP Stack trace:
[28-May-2018 08:43:34 UTC] PHP   1. {main}() /home/ubuntu/workspace/startbootstrap-sb-admin-gh-pages/Home.php:0
[28-May-2018 08:43:34 UTC] PHP   2. mysqli->close() /home/ubuntu/workspace/startbootstrap-sb-admin-gh-pages/Home.php:189
[28-May-2018 18:10:55 UTC] PHP Warning:  str_replace() expects at least 3 parameters, 2 given in /home/ubuntu/workspace/startbootstrap-sb-admin-gh-pages/Consulta.php on line 16
[28-May-2018 18:10:55 UTC] PHP Stack trace:
[28-May-2018 18:10:55 UTC] PHP   1. {main}() /home/ubuntu/workspace/startbootstrap-sb-admin-gh-pages/Consulta.php:0
[28-May-2018 18:10:55 UTC] PHP   2. str_replace() /home/ubuntu/workspace/startbootstrap-sb-admin-gh-pages/Consulta.php:16
[28-May-2018 18:10:55 UTC] PHP Warning:  str_split() expects parameter 2 to be long, string given in /home/ubuntu/workspace/startbootstrap-sb-admin-gh-pages/Consulta.php on line 17
[28-May-2018 18:10:55 UTC] PHP Stack trace:
[28-May-2018 18:10:55 UTC] PHP   1. {main}() /home/ubuntu/workspace/startbootstrap-sb-admin-gh-pages/Consulta.php:0
[28-May-2018 18:10:55 UTC] PHP   2. str_split() /home/ubuntu/workspace/startbootstrap-sb-admin-gh-pages/Consulta.php:17
[28-May-2018 18:10:55 UTC] PHP Warning:  mysqli_fetch_assoc() expects parameter 1 to be mysqli_result, boolean given in /home/ubuntu/workspace/startbootstrap-sb-admin-gh-pages/Consulta.php on line 21
[28-May-2018 18:10:55 UTC] PHP Stack trace:
[28-May-2018 18:10:55 UTC] PHP   1. {main}() /home/ubuntu/workspace/startbootstrap-sb-admin-gh-pages/Consulta.php:0
[28-May-2018 18:10:55 UTC] PHP   2. mysqli_fetch_assoc() /home/ubuntu/workspace/startbootstrap-sb-admin-gh-pages/Consulta.php:21
[28-May-2018 18:12:17 UTC] PHP Warning:  str_split() expects parameter 2 to be long, string given in /home/ubuntu/workspace/startbootstrap-sb-admin-gh-pages/Consulta.php on line 17
[28-May-2018 18:12:17 UTC] PHP Stack trace:
[28-May-2018 18:12:17 UTC] PHP   1. {main}() /home/ubuntu/workspace/startbootstrap-sb-admin-gh-pages/Consulta.php:0
[28-May-2018 18:12:17 UTC] PHP   2. str_split() /home/ubuntu/workspace/startbootstrap-sb-admin-gh-pages/Consulta.php:17
[28-May-2018 18:12:23 UTC] PHP Warning:  str_split() expects parameter 2 to be long, string given in /home/ubuntu/workspace/startbootstrap-sb-admin-gh-pages/Consulta.php on line 17
[28-May-2018 18:12:23 UTC] PHP Stack trace:
[28-May-2018 18:12:23 UTC] PHP   1. {main}() /home/ubuntu/workspace/startbootstrap-sb-admin-gh-pages/Consulta.php:0
[28-May-2018 18:12:23 UTC] PHP   2. str_split() /home/ubuntu/workspace/startbootstrap-sb-admin-gh-pages/Consulta.php:17
[28-May-2018 18:13:07 UTC] PHP Warning:  str_split() expects parameter 2 to be long, string given in /home/ubuntu/workspace/startbootstrap-sb-admin-gh-pages/Consulta.php on line 17
[28-May-2018 18:13:07 UTC] PHP Stack trace:
[28-May-2018 18:13:07 UTC] PHP   1. {main}() /home/ubuntu/workspace/startbootstrap-sb-admin-gh-pages/Consulta.php:0
[28-May-2018 18:13:07 UTC] PHP   2. str_split() /home/ubuntu/workspace/startbootstrap-sb-admin-gh-pages/Consulta.php:17
[28-May-2018 18:13:18 UTC] PHP Warning:  str_split() expects parameter 2 to be long, string given in /home/ubuntu/workspace/startbootstrap-sb-admin-gh-pages/Consulta.php on line 17
[28-May-2018 18:13:18 UTC] PHP Stack trace:
[28-May-2018 18:13:18 UTC] PHP   1. {main}() /home/ubuntu/workspace/startbootstrap-sb-admin-gh-pages/Consulta.php:0
[28-May-2018 18:13:18 UTC] PHP   2. str_split() /home/ubuntu/workspace/startbootstrap-sb-admin-gh-pages/Consulta.php:17
[28-May-2018 18:13:23 UTC] PHP Warning:  str_split() expects parameter 2 to be long, string given in /home/ubuntu/workspace/startbootstrap-sb-admin-gh-pages/Consulta.php on line 17
[28-May-2018 18:13:23 UTC] PHP Stack trace:
[28-May-2018 18:13:23 UTC] PHP   1. {main}() /home/ubuntu/workspace/startbootstrap-sb-admin-gh-pages/Consulta.php:0
[28-May-2018 18:13:23 UTC] PHP   2. str_split() /home/ubuntu/workspace/startbootstrap-sb-admin-gh-pages/Consulta.php:17
[28-May-2018 18:14:42 UTC] PHP Fatal error:  Call to undefined function exploe() in /home/ubuntu/workspace/startbootstrap-sb-admin-gh-pages/Consulta.php on line 17
[28-May-2018 18:14:42 UTC] PHP Stack trace:
[28-May-2018 18:14:42 UTC] PHP   1. {main}() /home/ubuntu/workspace/startbootstrap-sb-admin-gh-pages/Consulta.php:0
[28-May-2018 18:18:32 UTC] PHP Warning:  mysqli_fetch_assoc() expects parameter 1 to be mysqli_result, boolean given in /home/ubuntu/workspace/startbootstrap-sb-admin-gh-pages/Consulta.php on line 16
[28-May-2018 18:18:32 UTC] PHP Stack trace:
[28-May-2018 18:18:32 UTC] PHP   1. {main}() /home/ubuntu/workspace/startbootstrap-sb-admin-gh-pages/Consulta.php:0
[28-May-2018 18:18:32 UTC] PHP   2. mysqli_fetch_assoc() /home/ubuntu/workspace/startbootstrap-sb-admin-gh-pages/Consulta.php:16
[28-May-2018 18:18:36 UTC] PHP Warning:  mysqli_fetch_assoc() expects parameter 1 to be mysqli_result, boolean given in /home/ubuntu/workspace/startbootstrap-sb-admin-gh-pages/Consulta.php on line 16
[28-May-2018 18:18:36 UTC] PHP Stack trace:
[28-May-2018 18:18:36 UTC] PHP   1. {main}() /home/ubuntu/workspace/startbootstrap-sb-admin-gh-pages/Consulta.php:0
[28-May-2018 18:18:36 UTC] PHP   2. mysqli_fetch_assoc() /home/ubuntu/workspace/startbootstrap-sb-admin-gh-pages/Consulta.php:16
[28-May-2018 18:19:10 UTC] PHP Warning:  mysqli_fetch_assoc() expects parameter 1 to be mysqli_result, boolean given in /home/ubuntu/workspace/startbootstrap-sb-admin-gh-pages/Consulta.php on line 17
[28-May-2018 18:19:10 UTC] PHP Stack trace:
[28-May-2018 18:19:10 UTC] PHP   1. {main}() /home/ubuntu/workspace/startbootstrap-sb-admin-gh-pages/Consulta.php:0
[28-May-2018 18:19:10 UTC] PHP   2. mysqli_fetch_assoc() /home/ubuntu/workspace/startbootstrap-sb-admin-gh-pages/Consulta.php:17
[28-May-2018 18:36:46 UTC] PHP Warning:  mysqli_num_rows() expects parameter 1 to be mysqli_result, boolean given in /home/ubuntu/workspace/startbootstrap-sb-admin-gh-pages/Consulta.php on line 19
[28-May-2018 18:36:46 UTC] PHP Stack trace:
[28-May-2018 18:36:46 UTC] PHP   1. {main}() /home/ubuntu/workspace/startbootstrap-sb-admin-gh-pages/Consulta.php:0
[28-May-2018 18:36:46 UTC] PHP   2. mysqli_num_rows() /home/ubuntu/workspace/startbootstrap-sb-admin-gh-pages/Consulta.php:19
[29-May-2018 19:41:08 UTC] PHP Warning:  require(PHPExcel-1.8/Classes/PHPExcel/IOFactory.php): failed to open stream: No such file or directory in /home/ubuntu/workspace/startbootstrap-sb-admin-gh-pages/LeerExcel.php on line 2
[29-May-2018 19:41:08 UTC] PHP Stack trace:
[29-May-2018 19:41:08 UTC] PHP   1. {main}() /home/ubuntu/workspace/startbootstrap-sb-admin-gh-pages/LeerExcel.php:0
[29-May-2018 19:41:08 UTC] PHP Fatal error:  require(): Failed opening required 'PHPExcel-1.8/Classes/PHPExcel/IOFactory.php' (include_path='.:/usr/share/php:/usr/share/pear') in /home/ubuntu/workspace/startbootstrap-sb-admin-gh-pages/LeerExcel.php on line 2
[29-May-2018 19:41:08 UTC] PHP Stack trace:
[29-May-2018 19:41:08 UTC] PHP   1. {main}() /home/ubuntu/workspace/startbootstrap-sb-admin-gh-pages/LeerExcel.php:0
[29-May-2018 19:45:10 UTC] PHP Warning:  require(/PHPExcel/PHPExcel/IOFactory.php): failed to open stream: No such file or directory in /home/ubuntu/workspace/startbootstrap-sb-admin-gh-pages/LeerExcel.php on line 2
[29-May-2018 19:45:10 UTC] PHP Stack trace:
[29-May-2018 19:45:10 UTC] PHP   1. {main}() /home/ubuntu/workspace/startbootstrap-sb-admin-gh-pages/LeerExcel.php:0
[29-May-2018 19:45:10 UTC] PHP Fatal error:  require(): Failed opening required '/PHPExcel/PHPExcel/IOFactory.php' (include_path='.:/usr/share/php:/usr/share/pear') in /home/ubuntu/workspace/startbootstrap-sb-admin-gh-pages/LeerExcel.php on line 2
[29-May-2018 19:45:10 UTC] PHP Stack trace:
[29-May-2018 19:45:10 UTC] PHP   1. {main}() /home/ubuntu/workspace/startbootstrap-sb-admin-gh-pages/LeerExcel.php:0
[29-May-2018 20:03:24 UTC] PHP Warning:  include(/PHPExcel/PHPExcel/IOFactory.php): failed to open stream: No such file or directory in /home/ubuntu/workspace/startbootstrap-sb-admin-gh-pages/LeerExcel.php on line 2
[29-May-2018 20:03:24 UTC] PHP Stack trace:
[29-May-2018 20:03:24 UTC] PHP   1. {main}() /home/ubuntu/workspace/startbootstrap-sb-admin-gh-pages/LeerExcel.php:0
[29-May-2018 20:03:24 UTC] PHP Warning:  include(): Failed opening '/PHPExcel/PHPExcel/IOFactory.php' for inclusion (include_path='.:/usr/share/php:/usr/share/pear') in /home/ubuntu/workspace/startbootstrap-sb-admin-gh-pages/LeerExcel.php on line 2
[29-May-2018 20:03:24 UTC] PHP Stack trace:
[29-May-2018 20:03:24 UTC] PHP   1. {main}() /home/ubuntu/workspace/startbootstrap-sb-admin-gh-pages/LeerExcel.php:0
[29-May-2018 20:49:12 UTC] PHP Fatal error:  Uncaught exception 'PHPExcel_Reader_Exception' with message 'Could not open scimagojr 2016.xlsx for reading! File does not exist.' in /home/ubuntu/workspace/startbootstrap-sb-admin-gh-pages/PHPExcel/PHPExcel/Reader/Excel2007.php:73
Stack trace:
#0 /home/ubuntu/workspace/startbootstrap-sb-admin-gh-pages/PHPExcel/PHPExcel/IOFactory.php(269): PHPExcel_Reader_Excel2007->canRead('scimagojr 2016....')
#1 /home/ubuntu/workspace/startbootstrap-sb-admin-gh-pages/PHPExcel/PHPExcel/IOFactory.php(191): PHPExcel_IOFactory::createReaderForFile('scimagojr 2016....')
#2 /home/ubuntu/workspace/startbootstrap-sb-admin-gh-pages/LeerExcel.php(25): PHPExcel_IOFactory::load('scimagojr 2016....')
#3 {main}
  thrown in /home/ubuntu/workspace/startbootstrap-sb-admin-gh-pages/PHPExcel/PHPExcel/Reader/Excel2007.php on line 73
[29-May-2018 21:20:59 UTC] PHP Fatal error:  Allowed memory size of 134217728 bytes exhausted (tried to allocate 32 bytes) in /home/ubuntu/workspace/startbootstrap-sb-admin-gh-pages/PHPExcel/PHPExcel/Cell.php on line 586
[29-May-2018 21:20:59 UTC] PHP Stack trace:
[29-May-2018 21:20:59 UTC] PHP   1. {main}() /home/ubuntu/workspace/startbootstrap-sb-admin-gh-pages/LeerExcel.php:0
[29-May-2018 21:20:59 UTC] PHP   2. PHPExcel_IOFactory::load() /home/ubuntu/workspace/startbootstrap-sb-admin-gh-pages/LeerExcel.php:25
[29-May-2018 21:20:59 UTC] PHP   3. PHPExcel_Reader_Excel2007->load() /home/ubuntu/workspace/startbootstrap-sb-admin-gh-pages/PHPExcel/PHPExcel/IOFactory.php:192
[29-May-2018 21:20:59 UTC] PHP   4. PHPExcel_Worksheet->getCell() /home/ubuntu/workspace/startbootstrap-sb-admin-gh-pages/PHPExcel/PHPExcel/Reader/Excel2007.php:908
[29-May-2018 21:20:59 UTC] PHP   5. PHPExcel_Worksheet->createNewCell() /home/ubuntu/workspace/startbootstrap-sb-admin-gh-pages/PHPExcel/PHPExcel/Worksheet.php:1178
[29-May-2018 21:20:59 UTC] PHP   6. PHPExcel_Cell::coordinateFromString() /home/ubuntu/workspace/startbootstrap-sb-admin-gh-pages/PHPExcel/PHPExcel/Worksheet.php:1218
[29-May-2018 21:27:51 UTC] PHP Fatal error:  Allowed memory size of 134217728 bytes exhausted (tried to allocate 32 bytes) in /home/ubuntu/workspace/startbootstrap-sb-admin-gh-pages/PHPExcel/PHPExcel/Cell.php on line 586
[29-May-2018 21:27:51 UTC] PHP Stack trace:
[29-May-2018 21:27:51 UTC] PHP   1. {main}() /home/ubuntu/workspace/startbootstrap-sb-admin-gh-pages/LeerExcel.php:0
[29-May-2018 21:27:51 UTC] PHP   2. PHPExcel_IOFactory::load() /home/ubuntu/workspace/startbootstrap-sb-admin-gh-pages/LeerExcel.php:25
[29-May-2018 21:27:51 UTC] PHP   3. PHPExcel_Reader_Excel2007->load() /home/ubuntu/workspace/startbootstrap-sb-admin-gh-pages/PHPExcel/PHPExcel/IOFactory.php:192
[29-May-2018 21:27:51 UTC] PHP   4. PHPExcel_Worksheet->getCell() /home/ubuntu/workspace/startbootstrap-sb-admin-gh-pages/PHPExcel/PHPExcel/Reader/Excel2007.php:908
[29-May-2018 21:27:51 UTC] PHP   5. PHPExcel_Worksheet->createNewCell() /home/ubuntu/workspace/startbootstrap-sb-admin-gh-pages/PHPExcel/PHPExcel/Worksheet.php:1178
[29-May-2018 21:27:51 UTC] PHP   6. PHPExcel_Cell::coordinateFromString() /home/ubuntu/workspace/startbootstrap-sb-admin-gh-pages/PHPExcel/PHPExcel/Worksheet.php:1218
[29-May-2018 21:27:51 UTC] PHP   7. preg_match() /home/ubuntu/workspace/startbootstrap-sb-admin-gh-pages/PHPExcel/PHPExcel/Cell.php:586
[29-May-2018 21:47:32 UTC] PHP Fatal error:  Call to a member function query() on a non-object in /home/ubuntu/workspace/startbootstrap-sb-admin-gh-pages/LeerExcel.php on line 41
[29-May-2018 21:47:32 UTC] PHP Stack trace:
[29-May-2018 21:47:32 UTC] PHP   1. {main}() /home/ubuntu/workspace/startbootstrap-sb-admin-gh-pages/LeerExcel.php:0
[01-Jun-2018 02:21:04 UTC] PHP Parse error:  syntax error, unexpected '++' (T_INC), expecting ')' in /home/ubuntu/workspace/startbootstrap-sb-admin-gh-pages/Home.php on line 270
[01-Jun-2018 02:21:28 UTC] PHP Parse error:  syntax error, unexpected ''?>'' (T_CONSTANT_ENCAPSED_STRING), expecting ',' or ';' in /home/ubuntu/workspace/startbootstrap-sb-admin-gh-pages/Home.php on line 272
[01-Jun-2018 03:21:20 UTC] PHP Catchable fatal error:  Object of class mysqli_result could not be converted to string in /home/ubuntu/workspace/startbootstrap-sb-admin-gh-pages/Home.php on line 52
[01-Jun-2018 03:21:20 UTC] PHP Stack trace:
[01-Jun-2018 03:21:20 UTC] PHP   1. {main}() /home/ubuntu/workspace/startbootstrap-sb-admin-gh-pages/Home.php:0
[01-Jun-2018 03:22:51 UTC] PHP Parse error:  syntax error, unexpected '}', expecting ',' or ';' in /home/ubuntu/workspace/startbootstrap-sb-admin-gh-pages/Home.php on line 57
[01-Jun-2018 03:24:35 UTC] PHP Fatal error:  Function name must be a string in /home/ubuntu/workspace/startbootstrap-sb-admin-gh-pages/Home.php on line 56
[01-Jun-2018 03:24:35 UTC] PHP Stack trace:
[01-Jun-2018 03:24:35 UTC] PHP   1. {main}() /home/ubuntu/workspace/startbootstrap-sb-admin-gh-pages/Home.php:0
[01-Jun-2018 05:22:05 UTC] PHP Parse error:  syntax error, unexpected '%' in /home/ubuntu/workspace/startbootstrap-sb-admin-gh-pages/Home.php on line 61
[01-Jun-2018 05:28:55 UTC] PHP Parse error:  syntax error, unexpected '$anio' (T_VARIABLE), expecting ',' or ';' in /home/ubuntu/workspace/startbootstrap-sb-admin-gh-pages/Home.php on line 52
[02-Jun-2018 22:50:42 UTC] PHP Warning:  mysqli_fetch_assoc() expects parameter 1 to be mysqli_result, boolean given in /home/ubuntu/workspace/startbootstrap-sb-admin-gh-pages/editarAutores.php on line 26
[02-Jun-2018 22:50:42 UTC] PHP Stack trace:
[02-Jun-2018 22:50:42 UTC] PHP   1. {main}() /home/ubuntu/workspace/startbootstrap-sb-admin-gh-pages/editarAutores.php:0
[02-Jun-2018 22:50:42 UTC] PHP   2. mysqli_fetch_assoc() /home/ubuntu/workspace/startbootstrap-sb-admin-gh-pages/editarAutores.php:26
[03-Jun-2018 23:12:06 UTC] PHP Parse error:  syntax error, unexpected 'trtrtr' (T_STRING) in /home/ubuntu/workspace/startbootstrap-sb-admin-gh-pages/Revistas.php on line 14
[04-Jun-2018 06:25:46 UTC] PHP Parse error:  syntax error, unexpected 'to' (T_STRING) in /home/ubuntu/workspace/startbootstrap-sb-admin-gh-pages/Consulta.php on line 48
[04-Jun-2018 06:29:42 UTC] PHP Warning:  mysqli_fetch_assoc() expects parameter 1 to be mysqli_result, boolean given in /home/ubuntu/workspace/startbootstrap-sb-admin-gh-pages/Consulta.php on line 37
[04-Jun-2018 06:29:42 UTC] PHP Stack trace:
[04-Jun-2018 06:29:42 UTC] PHP   1. {main}() /home/ubuntu/workspace/startbootstrap-sb-admin-gh-pages/Consulta.php:0
[04-Jun-2018 06:29:42 UTC] PHP   2. mysqli_fetch_assoc() /home/ubuntu/workspace/startbootstrap-sb-admin-gh-pages/Consulta.php:37
[04-Jun-2018 06:31:14 UTC] PHP Warning:  mysqli_fetch_assoc() expects parameter 1 to be mysqli_result, boolean given in /home/ubuntu/workspace/startbootstrap-sb-admin-gh-pages/Consulta.php on line 37
[04-Jun-2018 06:31:14 UTC] PHP Stack trace:
[04-Jun-2018 06:31:14 UTC] PHP   1. {main}() /home/ubuntu/workspace/startbootstrap-sb-admin-gh-pages/Consulta.php:0
[04-Jun-2018 06:31:14 UTC] PHP   2. mysqli_fetch_assoc() /home/ubuntu/workspace/startbootstrap-sb-admin-gh-pages/Consulta.php:37
[04-Jun-2018 17:18:27 UTC] PHP Warning:  mysqli_fetch_assoc() expects parameter 1 to be mysqli_result, boolean given in /home/ubuntu/workspace/startbootstrap-sb-admin-gh-pages/Consulta.php on line 42
[04-Jun-2018 17:18:27 UTC] PHP Stack trace:
[04-Jun-2018 17:18:27 UTC] PHP   1. {main}() /home/ubuntu/workspace/startbootstrap-sb-admin-gh-pages/Consulta.php:0
[04-Jun-2018 17:18:27 UTC] PHP   2. mysqli_fetch_assoc() /home/ubuntu/workspace/startbootstrap-sb-admin-gh-pages/Consulta.php:42
[04-Jun-2018 17:20:47 UTC] PHP Warning:  mysqli_fetch_assoc() expects parameter 1 to be mysqli_result, boolean given in /home/ubuntu/workspace/startbootstrap-sb-admin-gh-pages/Consulta.php on line 42
[04-Jun-2018 17:20:47 UTC] PHP Stack trace:
[04-Jun-2018 17:20:47 UTC] PHP   1. {main}() /home/ubuntu/workspace/startbootstrap-sb-admin-gh-pages/Consulta.php:0
[04-Jun-2018 17:20:47 UTC] PHP   2. mysqli_fetch_assoc() /home/ubuntu/workspace/startbootstrap-sb-admin-gh-pages/Consulta.php:42
[04-Jun-2018 17:56:40 UTC] PHP Warning:  mysqli_fetch_assoc() expects parameter 1 to be mysqli_result, boolean given in /home/ubuntu/workspace/startbootstrap-sb-admin-gh-pages/Consulta.php on line 135
[04-Jun-2018 17:56:40 UTC] PHP Stack trace:
[04-Jun-2018 17:56:40 UTC] PHP   1. {main}() /home/ubuntu/workspace/startbootstrap-sb-admin-gh-pages/Consulta.php:0
[04-Jun-2018 17:56:40 UTC] PHP   2. mysqli_fetch_assoc() /home/ubuntu/workspace/startbootstrap-sb-admin-gh-pages/Consulta.php:135
[04-Jun-2018 17:57:01 UTC] PHP Warning:  mysqli_fetch_assoc() expects parameter 1 to be mysqli_result, boolean given in /home/ubuntu/workspace/startbootstrap-sb-admin-gh-pages/Consulta.php on line 135
[04-Jun-2018 17:57:01 UTC] PHP Stack trace:
[04-Jun-2018 17:57:01 UTC] PHP   1. {main}() /home/ubuntu/workspace/startbootstrap-sb-admin-gh-pages/Consulta.php:0
[04-Jun-2018 17:57:01 UTC] PHP   2. mysqli_fetch_assoc() /home/ubuntu/workspace/startbootstrap-sb-admin-gh-pages/Consulta.php:135
[04-Jun-2018 17:57:50 UTC] PHP Warning:  mysqli_fetch_assoc() expects parameter 1 to be mysqli_result, boolean given in /home/ubuntu/workspace/startbootstrap-sb-admin-gh-pages/Consulta.php on line 135
[04-Jun-2018 17:57:50 UTC] PHP Stack trace:
[04-Jun-2018 17:57:50 UTC] PHP   1. {main}() /home/ubuntu/workspace/startbootstrap-sb-admin-gh-pages/Consulta.php:0
[04-Jun-2018 17:57:50 UTC] PHP   2. mysqli_fetch_assoc() /home/ubuntu/workspace/startbootstrap-sb-admin-gh-pages/Consulta.php:135
[04-Jun-2018 18:01:59 UTC] PHP Warning:  mysqli_fetch_assoc() expects parameter 1 to be mysqli_result, boolean given in /home/ubuntu/workspace/startbootstrap-sb-admin-gh-pages/Consulta.php on line 136
[04-Jun-2018 18:01:59 UTC] PHP Stack trace:
[04-Jun-2018 18:01:59 UTC] PHP   1. {main}() /home/ubuntu/workspace/startbootstrap-sb-admin-gh-pages/Consulta.php:0
[04-Jun-2018 18:01:59 UTC] PHP   2. mysqli_fetch_assoc() /home/ubuntu/workspace/startbootstrap-sb-admin-gh-pages/Consulta.php:136
[04-Jun-2018 18:02:30 UTC] PHP Warning:  mysqli_fetch_assoc() expects parameter 1 to be mysqli_result, boolean given in /home/ubuntu/workspace/startbootstrap-sb-admin-gh-pages/Consulta.php on line 136
[04-Jun-2018 18:02:30 UTC] PHP Stack trace:
[04-Jun-2018 18:02:30 UTC] PHP   1. {main}() /home/ubuntu/workspace/startbootstrap-sb-admin-gh-pages/Consulta.php:0
[04-Jun-2018 18:02:30 UTC] PHP   2. mysqli_fetch_assoc() /home/ubuntu/workspace/startbootstrap-sb-admin-gh-pages/Consulta.php:136
[04-Jun-2018 23:43:24 UTC] PHP Parse error:  syntax error, unexpected 'for' (T_FOR) in /home/ubuntu/workspace/startbootstrap-sb-admin-gh-pages/LeerExcel.php on line 65
[05-Jun-2018 00:39:56 UTC] PHP Catchable fatal error:  Object of class mysqli_result could not be converted to string in /home/ubuntu/workspace/startbootstrap-sb-admin-gh-pages/RelDept.php on line 163
[05-Jun-2018 00:39:56 UTC] PHP Stack trace:
[05-Jun-2018 00:39:56 UTC] PHP   1. {main}() /home/ubuntu/workspace/startbootstrap-sb-admin-gh-pages/RelDept.php:0
[05-Jun-2018 01:29:54 UTC] PHP Parse error:  syntax error, unexpected '}' in /home/ubuntu/workspace/startbootstrap-sb-admin-gh-pages/RelGrupo.php on line 26
[05-Jun-2018 01:48:16 UTC] PHP Parse error:  syntax error, unexpected 'white' (T_STRING), expecting ',' or ';' in /home/ubuntu/workspace/startbootstrap-sb-admin-gh-pages/Revistas.php on line 109
[05-Jun-2018 01:48:55 UTC] PHP Parse error:  syntax error, unexpected ''white'' (T_CONSTANT_ENCAPSED_STRING), expecting ',' or ';' in /home/ubuntu/workspace/startbootstrap-sb-admin-gh-pages/Revistas.php on line 109
[05-Jun-2018 03:36:23 UTC] PHP Warning:  mysqli_query() expects parameter 1 to be mysqli, null given in /home/ubuntu/workspace/startbootstrap-sb-admin-gh-pages/LeerProfesores.php on line 48
[05-Jun-2018 03:36:23 UTC] PHP Stack trace:
[05-Jun-2018 03:36:23 UTC] PHP   1. {main}() /home/ubuntu/workspace/startbootstrap-sb-admin-gh-pages/LeerProfesores.php:0
[05-Jun-2018 03:36:23 UTC] PHP   2. mysqli_query() /home/ubuntu/workspace/startbootstrap-sb-admin-gh-pages/LeerProfesores.php:48
[05-Jun-2018 03:36:23 UTC] PHP Warning:  mysqli_query() expects parameter 1 to be mysqli, null given in /home/ubuntu/workspace/startbootstrap-sb-admin-gh-pages/LeerProfesores.php on line 48
[05-Jun-2018 03:36:23 UTC] PHP Stack trace:
[05-Jun-2018 03:36:23 UTC] PHP   1. {main}() /home/ubuntu/workspace/startbootstrap-sb-admin-gh-pages/LeerProfesores.php:0
[05-Jun-2018 03:36:23 UTC] PHP   2. mysqli_query() /home/ubuntu/workspace/startbootstrap-sb-admin-gh-pages/LeerProfesores.php:48
[06-Jun-2018 23:10:51 UTC] PHP Warning:  mysqli_query(): Couldn't fetch mysqli in /home/ubuntu/workspace/startbootstrap-sb-admin-gh-pages/Consulta.php on line 473
[06-Jun-2018 23:10:51 UTC] PHP Stack trace:
[06-Jun-2018 23:10:51 UTC] PHP   1. {main}() /home/ubuntu/workspace/startbootstrap-sb-admin-gh-pages/Consulta.php:0
[06-Jun-2018 23:10:51 UTC] PHP   2. mysqli_query() /home/ubuntu/workspace/startbootstrap-sb-admin-gh-pages/Consulta.php:473
[06-Jun-2018 23:10:51 UTC] PHP Warning:  mysqli_fetch_assoc() expects parameter 1 to be mysqli_result, null given in /home/ubuntu/workspace/startbootstrap-sb-admin-gh-pages/Consulta.php on line 474
[06-Jun-2018 23:10:51 UTC] PHP Stack trace:
[06-Jun-2018 23:10:51 UTC] PHP   1. {main}() /home/ubuntu/workspace/startbootstrap-sb-admin-gh-pages/Consulta.php:0
[06-Jun-2018 23:10:51 UTC] PHP   2. mysqli_fetch_assoc() /home/ubuntu/workspace/startbootstrap-sb-admin-gh-pages/Consulta.php:474
[06-Jun-2018 23:10:51 UTC] PHP Warning:  mysqli::close(): Couldn't fetch mysqli in /home/ubuntu/workspace/startbootstrap-sb-admin-gh-pages/Consulta.php on line 478
[06-Jun-2018 23:10:51 UTC] PHP Stack trace:
[06-Jun-2018 23:10:51 UTC] PHP   1. {main}() /home/ubuntu/workspace/startbootstrap-sb-admin-gh-pages/Consulta.php:0
[06-Jun-2018 23:10:51 UTC] PHP   2. mysqli->close() /home/ubuntu/workspace/startbootstrap-sb-admin-gh-pages/Consulta.php:478
